<?xml version="1.0" encoding="UTF-8"?>
<!-- Generated by org.testng.reporters.JUnitReportReporter -->
<testsuite hostname="Manoj" failures="0" tests="1" name="PomProject.LoginPage" time="9.228" errors="0" timestamp="2024-03-12T08:42:19 IST" skipped="0">
  <testcase classname="PomProject.LoginPage" name="AfterLoad" time="9.228"/>
  <system-out/>
</testsuite> <!-- PomProject.LoginPage -->
